<?xml version="1.0" encoding="UTF-8" ?>
<testsuite tests="1" failures="0" name="runners.RunCucumberTest" time="0.1" errors="1" skipped="0">
  <properties>
[...]
</properties>
  <testcase classname="Login page works" name="Opening the application w/ cucumber" time="0.1">
    <error message="The step &apos;I open the iOS application&apos; and 1 other step(s) are undefined.
You can implement these steps using the snippet(s) below:

@Given(&quot;I open the iOS application&quot;)
public void i_open_the_i_os_application() {
    // Write code here that turns the phrase above into concrete actions
    throw new io.cucumber.java.PendingException();
}
@Then(&quot;I should see the home page&quot;)
public void i_should_see_the_home_page() {
    // Write code here that turns the phrase above into concrete actions
    throw new io.cucumber.java.PendingException();
}
" type="io.cucumber.junit.UndefinedStepException">io.cucumber.junit.UndefinedStepException: The step &apos;I open the iOS application&apos; and 1 other step(s) are undefined.
You can implement these steps using the snippet(s) below:

@Given(&quot;I open the iOS application&quot;)
public void i_open_the_i_os_application() {
    // Write code here that turns the phrase above into concrete actions
    throw new io.cucumber.java.PendingException();
}
@Then(&quot;I should see the home page&quot;)
public void i_should_see_the_home_page() {
    // Write code here that turns the phrase above into concrete actions
    throw new io.cucumber.java.PendingException();
}

</error>
    <system-out>
Scenario: Opening the application w/ cucumber &amp;#27;[90m# src/test/resources/features/LoginPageFeature.feature:3&amp;#27;[0m
  &amp;#27;[33mGiven &amp;#27;[0m&amp;#27;[33mI open the iOS application&amp;#27;[0m            &amp;#27;[90m# null&amp;#27;[0m
  &amp;#27;[36mThen &amp;#27;[0m&amp;#27;[36mI should see the home page&amp;#27;[0m             &amp;#27;[90m# null&amp;#27;[0m
</system-out>
  </testcase>
</testsuite>